<?xml version="1.0" encoding="UTF-8"?>
<!-- Generated by org.testng.reporters.JUnitXMLReporter -->
<testsuite ignored="4" hostname="DESKTOP-LKH9H35" failures="0" tests="5" name="Test" time="0.066" errors="0" timestamp="2024-06-02T15:07:00 IST">
  <testcase classname="HyrtutorialMetaGrouping.copy.MetaGroupTest1" name="Login" time="0.011"/>
  <testcase classname="HyrtutorialMetaGrouping.copy.MetaGroupTest1" name="Logout" time="0.001"/>
  <testcase classname="HyrtutorialMetaGrouping.copy.MetaGroupTest1" name="MakePayment" time="0.001"/>
  <testcase classname="HyrtutorialMetaGrouping.copy.MetaGroupTest2" name="AddItemToCat1" time="0.002"/>
  <testcase classname="HyrtutorialMetaGrouping.copy.MetaGroupTest2" name="Logout1" time="0.002"/>
  <testcase classname="HyrtutorialMetaGrouping.copy.MetaGroupTest2" name="MakePayment1" time="0.0">
    <ignored/>
  </testcase> <!-- MakePayment1 -->
  <testcase classname="HyrtutorialMetaGrouping.copy.MetaGroupTest1" name="AddItemToCat" time="0.0">
    <ignored/>
  </testcase> <!-- AddItemToCat -->
  <testcase classname="HyrtutorialMetaGrouping.copy.MetaGroupTest2" name="Login1" time="0.0">
    <ignored/>
  </testcase> <!-- Login1 -->
  <testcase classname="HyrtutorialMetaGrouping.copy.MetaGroupTest2" name="Run" time="0.0">
    <ignored/>
  </testcase> <!-- Run -->
</testsuite> <!-- Test -->
