<?xml version="1.0" encoding="UTF-8"?>
<!-- Generated by org.testng.reporters.JUnitXMLReporter -->
<testsuite ignored="4" hostname="DESKTOP-LKH9H35" failures="0" tests="1" name="SamilLogin" time="5.726" errors="0" timestamp="2024-05-26T09:11:48 IST">
  <testcase classname="Hytutorial.SamilLogin" name="LoginWithValidCredetionals" time="0.195"/>
  <testcase classname="Hytutorial.SamilLogin" name="LoginWithInValidCredetionals" time="0.0">
    <ignored/>
  </testcase> <!-- LoginWithInValidCredetionals -->
  <testcase classname="Hytutorial.SamilLogin" name="LoginWithoutEnteringPassword" time="0.0">
    <ignored/>
  </testcase> <!-- LoginWithoutEnteringPassword -->
  <testcase classname="Hytutorial.SamilLogin" name="LoginWithoutEnteringUserId" time="0.0">
    <ignored/>
  </testcase> <!-- LoginWithoutEnteringUserId -->
  <testcase classname="Hytutorial.SamilLogin" name="LoginWithoutEnteringCredetionals" time="0.0">
    <ignored/>
  </testcase> <!-- LoginWithoutEnteringCredetionals -->
</testsuite> <!-- SamilLogin -->
