<?xml version="1.0" encoding="UTF-8"?>
<testng-results ignored="0" total="1" passed="1" failed="0" skipped="0">
  <reporter-output>
  </reporter-output>
  <suite started-at="2024-07-02T20:58:44 IST" name="Default suite" finished-at="2024-07-02T20:58:47 IST" duration-ms="3659">
    <groups>
    </groups>
    <test started-at="2024-07-02T20:58:44 IST" name="Default test" finished-at="2024-07-02T20:58:47 IST" duration-ms="3659">
      <class name="Day1Practice.LaunchChrome">
        <test-method signature="Launchrome()[pri:0, instance:Day1Practice.LaunchChrome@1afd44cb]" started-at="2024-07-02T20:58:44 IST" name="Launchrome" finished-at="2024-07-02T20:58:47 IST" duration-ms="3596" status="PASS">
          <reporter-output>
          </reporter-output>
        </test-method> <!-- Launchrome -->
      </class> <!-- Day1Practice.LaunchChrome -->
    </test> <!-- Default test -->
  </suite> <!-- Default suite -->
</testng-results>
